{
  "RSpec": {
    "coverage": {
      "/Users/asdf/challenges/breakable-toys-project/app/helpers/application_helper.rb": [
        1,
        1,
        0,
        0,
        null,
        0,
        0,
        null,
        null,
        0,
        null,
        null,
        null
      ],
      "/Users/asdf/challenges/breakable-toys-project/app/models/career.rb": [
        1,
        1,
        null,
        1,
        null,
        null
      ],
      "/Users/asdf/challenges/breakable-toys-project/app/models/video.rb": [
        1,
        1,
        null,
        1,
        1,
        null
      ],
      "/Users/asdf/challenges/breakable-toys-project/app/channels/application_cable/channel.rb": [
        0,
        0,
        0,
        0
      ],
      "/Users/asdf/challenges/breakable-toys-project/app/channels/application_cable/connection.rb": [
        0,
        0,
        0,
        0
      ],
      "/Users/asdf/challenges/breakable-toys-project/app/controllers/application_controller.rb": [
        0,
        0,
        0,
        0,
        0,
        0,
        0,
        0,
        0,
        0,
        0,
        0,
        0
      ],
      "/Users/asdf/challenges/breakable-toys-project/app/controllers/careers_controller.rb": [
        0,
        0,
        0,
        0,
        0,
        0,
        0,
        0,
        0,
        0,
        0,
        0,
        0,
        0,
        0,
        0,
        0,
        0,
        0,
        0,
        0,
        0,
        0,
        0,
        0,
        0,
        0,
        0,
        0,
        0,
        0,
        0,
        0
      ],
      "/Users/asdf/challenges/breakable-toys-project/app/controllers/static_pages_controller.rb": [
        0,
        0
      ],
      "/Users/asdf/challenges/breakable-toys-project/app/controllers/users_controller.rb": [
        0,
        0,
        0,
        0,
        0,
        0,
        0,
        0,
        0,
        0,
        0,
        0,
        0,
        0,
        0,
        0,
        0
      ],
      "/Users/asdf/challenges/breakable-toys-project/app/controllers/videos_controller.rb": [
        0,
        0,
        0,
        0,
        0,
        0,
        0,
        0,
        0,
        0,
        0,
        0,
        0,
        0,
        0,
        0,
        0,
        0,
        0,
        0,
        0,
        0,
        0,
        0,
        0,
        0,
        0,
        0,
        0,
        0
      ],
      "/Users/asdf/challenges/breakable-toys-project/app/jobs/application_job.rb": [
        0,
        0
      ],
      "/Users/asdf/challenges/breakable-toys-project/app/mailers/application_mailer.rb": [
        0,
        0,
        0,
        0
      ],
      "/Users/asdf/challenges/breakable-toys-project/app/models/application_record.rb": [
        0,
        0,
        0
      ],
      "/Users/asdf/challenges/breakable-toys-project/app/models/user.rb": [
        0,
        0,
        0,
        0,
        0,
        0,
        0,
        0,
        0,
        0,
        0,
        0
      ]
    },
    "timestamp": 1502232603
  }
}
